<?xml version="1.0" encoding="UTF-8"?>
<!-- Generated by org.testng.reporters.JUnitReportReporter -->
<testsuite skipped="0" hostname="ANANDA-ACHARYA" name="Flipkart.LandingPage.LandingPage" tests="1" failures="0" timestamp="2020-11-06T13:05:22 IST" time="38.217" errors="0">
  <testcase name="MobileSelection" time="38.217" classname="Flipkart.LandingPage.LandingPage"/>
  <system-out/>
</testsuite> <!-- Flipkart.LandingPage.LandingPage -->
