<?xml version="1.0" encoding="UTF-8"?>
<!-- Generated by org.testng.reporters.JUnitReportReporter -->
<testsuite skipped="0" hostname="ANANDA-ACHARYA" name="Flipkart.LandingPage.LandingPageTest" tests="1" failures="0" timestamp="2020-11-06T15:18:30 IST" time="27.337" errors="0">
  <testcase name="MobileSelection" time="27.337" classname="Flipkart.LandingPage.LandingPageTest"/>
  <system-out/>
</testsuite> <!-- Flipkart.LandingPage.LandingPageTest -->
